# JRE version: Java(TM) SE Runtime Environment (8.0_181-b13) (build 1.8.0_181-b13)
# Java VM: Java HotSpot(TM) 64-Bit Server VM (25.181-b13 mixed mode windows-amd64 compressed oops)
Heap:
 PSYoungGen      total 36864K, used 31736K [0x00000000d6c00000, 0x00000000d9500000, 0x0000000100000000)
  eden space 31744K, 83% used [0x00000000d6c00000,0x00000000d85feda8,0x00000000d8b00000)
  from space 5120K, 99% used [0x00000000d9000000,0x00000000d94ff4c0,0x00000000d9500000)
  to   space 5120K, 0% used [0x00000000d8b00000,0x00000000d8b00000,0x00000000d9000000)
 ParOldGen       total 84992K, used 17690K [0x0000000084400000, 0x0000000089700000, 0x00000000d6c00000)
  object space 84992K, 20% used [0x0000000084400000,0x0000000085546b48,0x0000000089700000)
 Metaspace       used 19508K, capacity 19978K, committed 20224K, reserved 1067008K
  class space    used 2291K, capacity 2437K, committed 2560K, reserved 1048576K
GC Heap History (10 events):
Event: 1.330 GC heap before
{Heap before GC invocations=2 (full 0):
 PSYoungGen      total 36864K, used 35764K [0x00000000d6c00000, 0x00000000d9500000, 0x0000000100000000)
  eden space 31744K, 99% used [0x00000000d6c00000,0x00000000d8afeb28,0x00000000d8b00000)
  from space 5120K, 78% used [0x00000000d8b00000,0x00000000d8eee508,0x00000000d9000000)
  to   space 5120K, 0% used [0x00000000d9000000,0x00000000d9000000,0x00000000d9500000)
 ParOldGen       total 84992K, used 16K [0x0000000084400000, 0x0000000089700000, 0x00000000d6c00000)
  object space 84992K, 0% used [0x0000000084400000,0x0000000084404000,0x0000000089700000)
 Metaspace       used 11292K, capacity 11764K, committed 12032K, reserved 1060864K
  class space    used 1298K, capacity 1454K, committed 1536K, reserved 1048576K
Event: 1.338 GC heap after
Heap after GC invocations=2 (full 0):
 PSYoungGen      total 36864K, used 5092K [0x00000000d6c00000, 0x00000000d9500000, 0x0000000100000000)
  eden space 31744K, 0% used [0x00000000d6c00000,0x00000000d6c00000,0x00000000d8b00000)
  from space 5120K, 99% used [0x00000000d9000000,0x00000000d94f9360,0x00000000d9500000)
  to   space 5120K, 0% used [0x00000000d8b00000,0x00000000d8b00000,0x00000000d9000000)
 ParOldGen       total 84992K, used 1474K [0x0000000084400000, 0x0000000089700000, 0x00000000d6c00000)
  object space 84992K, 1% used [0x0000000084400000,0x0000000084570aa8,0x0000000089700000)
 Metaspace       used 11292K, capacity 11764K, committed 12032K, reserved 1060864K
  class space    used 1298K, capacity 1454K, committed 1536K, reserved 1048576K
}
Event: 2.254 GC heap before
{Heap before GC invocations=3 (full 0):
 PSYoungGen      total 36864K, used 36836K [0x00000000d6c00000, 0x00000000d9500000, 0x0000000100000000)
  eden space 31744K, 100% used [0x00000000d6c00000,0x00000000d8b00000,0x00000000d8b00000)
  from space 5120K, 99% used [0x00000000d9000000,0x00000000d94f9360,0x00000000d9500000)
  to   space 5120K, 0% used [0x00000000d8b00000,0x00000000d8b00000,0x00000000d9000000)
 ParOldGen       total 84992K, used 1474K [0x0000000084400000, 0x0000000089700000, 0x00000000d6c00000)
  object space 84992K, 1% used [0x0000000084400000,0x0000000084570aa8,0x0000000089700000)
 Metaspace       used 14481K, capacity 14932K, committed 15232K, reserved 1062912K
  class space    used 1734K, capacity 1870K, committed 1920K, reserved 1048576K
Event: 2.264 GC heap after
Heap after GC invocations=3 (full 0):
 PSYoungGen      total 36864K, used 5088K [0x00000000d6c00000, 0x00000000d9500000, 0x0000000100000000)
  eden space 31744K, 0% used [0x00000000d6c00000,0x00000000d6c00000,0x00000000d8b00000)
  from space 5120K, 99% used [0x00000000d8b00000,0x00000000d8ff8148,0x00000000d9000000)
  to   space 5120K, 0% used [0x00000000d9000000,0x00000000d9000000,0x00000000d9500000)
 ParOldGen       total 84992K, used 4935K [0x0000000084400000, 0x0000000089700000, 0x00000000d6c00000)
  object space 84992K, 5% used [0x0000000084400000,0x00000000848d1d68,0x0000000089700000)
 Metaspace       used 14481K, capacity 14932K, committed 15232K, reserved 1062912K
  class space    used 1734K, capacity 1870K, committed 1920K, reserved 1048576K
}
Event: 2.499 GC heap before
{Heap before GC invocations=4 (full 0):
 PSYoungGen      total 36864K, used 36832K [0x00000000d6c00000, 0x00000000d9500000, 0x0000000100000000)
  eden space 31744K, 100% used [0x00000000d6c00000,0x00000000d8b00000,0x00000000d8b00000)
  from space 5120K, 99% used [0x00000000d8b00000,0x00000000d8ff8148,0x00000000d9000000)
  to   space 5120K, 0% used [0x00000000d9000000,0x00000000d9000000,0x00000000d9500000)
 ParOldGen       total 84992K, used 4935K [0x0000000084400000, 0x0000000089700000, 0x00000000d6c00000)
  object space 84992K, 5% used [0x0000000084400000,0x00000000848d1d68,0x0000000089700000)
 Metaspace       used 15226K, capacity 15668K, committed 15744K, reserved 1062912K
  class space    used 1786K, capacity 1902K, committed 1920K, reserved 1048576K
Event: 2.507 GC heap after
Heap after GC invocations=4 (full 0):
 PSYoungGen      total 36864K, used 5108K [0x00000000d6c00000, 0x00000000d9500000, 0x0000000100000000)
  eden space 31744K, 0% used [0x00000000d6c00000,0x00000000d6c00000,0x00000000d8b00000)
  from space 5120K, 99% used [0x00000000d9000000,0x00000000d94fd040,0x00000000d9500000)
  to   space 5120K, 0% used [0x00000000d8b00000,0x00000000d8b00000,0x00000000d9000000)
 ParOldGen       total 84992K, used 13500K [0x0000000084400000, 0x0000000089700000, 0x00000000d6c00000)
  object space 84992K, 15% used [0x0000000084400000,0x000000008512f3a8,0x0000000089700000)
 Metaspace       used 15226K, capacity 15668K, committed 15744K, reserved 1062912K
  class space    used 1786K, capacity 1902K, committed 1920K, reserved 1048576K
}
Event: 3.359 GC heap before
{Heap before GC invocations=5 (full 0):
 PSYoungGen      total 36864K, used 36852K [0x00000000d6c00000, 0x00000000d9500000, 0x0000000100000000)
  eden space 31744K, 100% used [0x00000000d6c00000,0x00000000d8b00000,0x00000000d8b00000)
  from space 5120K, 99% used [0x00000000d9000000,0x00000000d94fd040,0x00000000d9500000)
  to   space 5120K, 0% used [0x00000000d8b00000,0x00000000d8b00000,0x00000000d9000000)
 ParOldGen       total 84992K, used 13500K [0x0000000084400000, 0x0000000089700000, 0x00000000d6c00000)
  object space 84992K, 15% used [0x0000000084400000,0x000000008512f3a8,0x0000000089700000)
 Metaspace       used 18711K, capacity 19154K, committed 19328K, reserved 1067008K
  class space    used 2201K, capacity 2337K, committed 2432K, reserved 1048576K
Event: 3.366 GC heap after
Heap after GC invocations=5 (full 0):
 PSYoungGen      total 36864K, used 5100K [0x00000000d6c00000, 0x00000000d9500000, 0x0000000100000000)
  eden space 31744K, 0% used [0x00000000d6c00000,0x00000000d6c00000,0x00000000d8b00000)
  from space 5120K, 99% used [0x00000000d8b00000,0x00000000d8ffb3e8,0x00000000d9000000)
  to   space 5120K, 0% used [0x00000000d9000000,0x00000000d9000000,0x00000000d9500000)
 ParOldGen       total 84992K, used 16722K [0x0000000084400000, 0x0000000089700000, 0x00000000d6c00000)
  object space 84992K, 19% used [0x0000000084400000,0x0000000085454bb8,0x0000000089700000)
 Metaspace       used 18711K, capacity 19154K, committed 19328K, reserved 1067008K
  class space    used 2201K, capacity 2337K, committed 2432K, reserved 1048576K
}
Event: 3.592 GC heap before
{Heap before GC invocations=6 (full 0):
 PSYoungGen      total 36864K, used 36844K [0x00000000d6c00000, 0x00000000d9500000, 0x0000000100000000)
  eden space 31744K, 100% used [0x00000000d6c00000,0x00000000d8b00000,0x00000000d8b00000)
  from space 5120K, 99% used [0x00000000d8b00000,0x00000000d8ffb3e8,0x00000000d9000000)
  to   space 5120K, 0% used [0x00000000d9000000,0x00000000d9000000,0x00000000d9500000)
 ParOldGen       total 84992K, used 16722K [0x0000000084400000, 0x0000000089700000, 0x00000000d6c00000)
  object space 84992K, 19% used [0x0000000084400000,0x0000000085454bb8,0x0000000089700000)
 Metaspace       used 19361K, capacity 19818K, committed 20096K, reserved 1067008K
  class space    used 2275K, capacity 2405K, committed 2432K, reserved 1048576K
Event: 3.598 GC heap after
Heap after GC invocations=6 (full 0):
 PSYoungGen      total 36864K, used 5117K [0x00000000d6c00000, 0x00000000d9500000, 0x0000000100000000)
  eden space 31744K, 0% used [0x00000000d6c00000,0x00000000d6c00000,0x00000000d8b00000)
  from space 5120K, 99% used [0x00000000d9000000,0x00000000d94ff4c0,0x00000000d9500000)
  to   space 5120K, 0% used [0x00000000d8b00000,0x00000000d8b00000,0x00000000d9000000)
 ParOldGen       total 84992K, used 17690K [0x0000000084400000, 0x0000000089700000, 0x00000000d6c00000)
  object space 84992K, 20% used [0x0000000084400000,0x0000000085546b48,0x0000000089700000)
 Metaspace       used 19361K, capacity 19818K, committed 20096K, reserved 1067008K
  class space    used 2275K, capacity 2405K, committed 2432K, reserved 1048576K
}

